Analysis & Synthesis report for ReflexCircuit
Wed Apr 13 02:14:00 2016
Quartus II Version 9.1 Build 350 03/24/2010 Service Pack 2 SJ Web Edition


---------------------
; Table of Contents ;
---------------------
  1. Legal Notice
  2. Analysis & Synthesis Summary
  3. Analysis & Synthesis Settings
  4. Parallel Compilation
  5. Analysis & Synthesis Source Files Read
  6. Analysis & Synthesis Resource Usage Summary
  7. Analysis & Synthesis Resource Utilization by Entity
  8. State Machine - |ReflexCircuit|Control:cu|state
  9. Registers Removed During Synthesis
 10. Removed Registers Triggering Further Register Optimizations
 11. General Register Statistics
 12. Parameter Settings for User Entity Instance: SincCounter_nbit:count
 13. Port Connectivity Checks: "Control:cu"
 14. Analysis & Synthesis Messages



----------------
; Legal Notice ;
----------------
Copyright (C) 1991-2010 Altera Corporation
Your use of Altera Corporation's design tools, logic functions 
and other software and tools, and its AMPP partner logic 
functions, and any output files from any of the foregoing 
(including device programming or simulation files), and any 
associated documentation or information are expressly subject 
to the terms and conditions of the Altera Program License 
Subscription Agreement, Altera MegaCore Function License 
Agreement, or other applicable license agreement, including, 
without limitation, that your use is for the sole purpose of 
programming logic devices manufactured by Altera and sold by 
Altera or its authorized distributors.  Please refer to the 
applicable agreement for further details.



+-----------------------------------------------------------------------------------+
; Analysis & Synthesis Summary                                                      ;
+------------------------------------+----------------------------------------------+
; Analysis & Synthesis Status        ; Successful - Wed Apr 13 02:14:00 2016        ;
; Quartus II Version                 ; 9.1 Build 350 03/24/2010 SP 2 SJ Web Edition ;
; Revision Name                      ; ReflexCircuit                                ;
; Top-level Entity Name              ; ReflexCircuit                                ;
; Family                             ; Cyclone II                                   ;
; Total logic elements               ; 80                                           ;
;     Total combinational functions  ; 80                                           ;
;     Dedicated logic registers      ; 18                                           ;
; Total registers                    ; 18                                           ;
; Total pins                         ; 41                                           ;
; Total virtual pins                 ; 0                                            ;
; Total memory bits                  ; 0                                            ;
; Embedded Multiplier 9-bit elements ; 0                                            ;
; Total PLLs                         ; 0                                            ;
+------------------------------------+----------------------------------------------+


+----------------------------------------------------------------------------------------------------------------------+
; Analysis & Synthesis Settings                                                                                        ;
+----------------------------------------------------------------------------+--------------------+--------------------+
; Option                                                                     ; Setting            ; Default Value      ;
+----------------------------------------------------------------------------+--------------------+--------------------+
; Device                                                                     ; EP2C35F672C6       ;                    ;
; Top-level entity name                                                      ; ReflexCircuit      ; ReflexCircuit      ;
; Family name                                                                ; Cyclone II         ; Stratix II         ;
; Use Generated Physical Constraints File                                    ; Off                ;                    ;
; Use smart compilation                                                      ; Off                ; Off                ;
; Enable parallel Assembler and TimeQuest Timing Analyzer during compilation ; On                 ; On                 ;
; Enable compact report table                                                ; Off                ; Off                ;
; Restructure Multiplexers                                                   ; Auto               ; Auto               ;
; Create Debugging Nodes for IP Cores                                        ; Off                ; Off                ;
; Preserve fewer node names                                                  ; On                 ; On                 ;
; Disable OpenCore Plus hardware evaluation                                  ; Off                ; Off                ;
; Verilog Version                                                            ; Verilog_2001       ; Verilog_2001       ;
; VHDL Version                                                               ; VHDL_1993          ; VHDL_1993          ;
; State Machine Processing                                                   ; Auto               ; Auto               ;
; Safe State Machine                                                         ; Off                ; Off                ;
; Extract Verilog State Machines                                             ; On                 ; On                 ;
; Extract VHDL State Machines                                                ; On                 ; On                 ;
; Ignore Verilog initial constructs                                          ; Off                ; Off                ;
; Iteration limit for constant Verilog loops                                 ; 5000               ; 5000               ;
; Iteration limit for non-constant Verilog loops                             ; 250                ; 250                ;
; Add Pass-Through Logic to Inferred RAMs                                    ; On                 ; On                 ;
; Parallel Synthesis                                                         ; On                 ; On                 ;
; DSP Block Balancing                                                        ; Auto               ; Auto               ;
; NOT Gate Push-Back                                                         ; On                 ; On                 ;
; Power-Up Don't Care                                                        ; On                 ; On                 ;
; Remove Redundant Logic Cells                                               ; Off                ; Off                ;
; Remove Duplicate Registers                                                 ; On                 ; On                 ;
; Ignore CARRY Buffers                                                       ; Off                ; Off                ;
; Ignore CASCADE Buffers                                                     ; Off                ; Off                ;
; Ignore GLOBAL Buffers                                                      ; Off                ; Off                ;
; Ignore ROW GLOBAL Buffers                                                  ; Off                ; Off                ;
; Ignore LCELL Buffers                                                       ; Off                ; Off                ;
; Ignore SOFT Buffers                                                        ; On                 ; On                 ;
; Limit AHDL Integers to 32 Bits                                             ; Off                ; Off                ;
; Optimization Technique                                                     ; Balanced           ; Balanced           ;
; Carry Chain Length                                                         ; 70                 ; 70                 ;
; Auto Carry Chains                                                          ; On                 ; On                 ;
; Auto Open-Drain Pins                                                       ; On                 ; On                 ;
; Perform WYSIWYG Primitive Resynthesis                                      ; Off                ; Off                ;
; Auto ROM Replacement                                                       ; On                 ; On                 ;
; Auto RAM Replacement                                                       ; On                 ; On                 ;
; Auto Shift Register Replacement                                            ; Auto               ; Auto               ;
; Auto Clock Enable Replacement                                              ; On                 ; On                 ;
; Strict RAM Replacement                                                     ; Off                ; Off                ;
; Allow Synchronous Control Signals                                          ; On                 ; On                 ;
; Force Use of Synchronous Clear Signals                                     ; Off                ; Off                ;
; Auto RAM to Logic Cell Conversion                                          ; Off                ; Off                ;
; Auto Resource Sharing                                                      ; Off                ; Off                ;
; Allow Any RAM Size For Recognition                                         ; Off                ; Off                ;
; Allow Any ROM Size For Recognition                                         ; Off                ; Off                ;
; Allow Any Shift Register Size For Recognition                              ; Off                ; Off                ;
; Use LogicLock Constraints during Resource Balancing                        ; On                 ; On                 ;
; Ignore translate_off and synthesis_off directives                          ; Off                ; Off                ;
; Timing-Driven Synthesis                                                    ; Off                ; Off                ;
; Show Parameter Settings Tables in Synthesis Report                         ; On                 ; On                 ;
; Ignore Maximum Fan-Out Assignments                                         ; Off                ; Off                ;
; Synchronization Register Chain Length                                      ; 2                  ; 2                  ;
; PowerPlay Power Optimization                                               ; Normal compilation ; Normal compilation ;
; HDL message level                                                          ; Level2             ; Level2             ;
; Suppress Register Optimization Related Messages                            ; Off                ; Off                ;
; Number of Removed Registers Reported in Synthesis Report                   ; 5000               ; 5000               ;
; Number of Inverted Registers Reported in Synthesis Report                  ; 100                ; 100                ;
; Clock MUX Protection                                                       ; On                 ; On                 ;
; Auto Gated Clock Conversion                                                ; Off                ; Off                ;
; Block Design Naming                                                        ; Auto               ; Auto               ;
; SDC constraint protection                                                  ; Off                ; Off                ;
; Synthesis Effort                                                           ; Auto               ; Auto               ;
; Shift Register Replacement - Allow Asynchronous Clear Signal               ; On                 ; On                 ;
; Analysis & Synthesis Message Level                                         ; Medium             ; Medium             ;
; Disable Register Merging Across Hierarchies                                ; Auto               ; Auto               ;
; Resource Aware Inference For Block RAM                                     ; On                 ; On                 ;
+----------------------------------------------------------------------------+--------------------+--------------------+


Parallel compilation was disabled, but you have multiple processors available. Enable parallel compilation to reduce compilation time.
+-------------------------------------+
; Parallel Compilation                ;
+----------------------------+--------+
; Processors                 ; Number ;
+----------------------------+--------+
; Number detected on machine ; 2      ;
; Maximum allowed            ; 1      ;
+----------------------------+--------+


+-----------------------------------------------------------------------------------------------------------------------------------------------------------------------+
; Analysis & Synthesis Source Files Read                                                                                                                                ;
+---------------------------------------+-----------------+-----------------+-------------------------------------------------------------------------------------------+
; File Name with User-Entered Path      ; Used in Netlist ; File Type       ; File Name with Absolute Path                                                              ;
+---------------------------------------+-----------------+-----------------+-------------------------------------------------------------------------------------------+
; ../ReflexCircuit/Control.vhd          ; yes             ; User VHDL File  ; D:/Documenti/Politecnico/Laboratori/Eln Sist Dig/Lab04/ReflexCircuit/Control.vhd          ;
; ../ReflexCircuit/decoder_7seg.vhd     ; yes             ; User VHDL File  ; D:/Documenti/Politecnico/Laboratori/Eln Sist Dig/Lab04/ReflexCircuit/decoder_7seg.vhd     ;
; ../ReflexCircuit/ReflexCircuit.vhd    ; yes             ; User VHDL File  ; D:/Documenti/Politecnico/Laboratori/Eln Sist Dig/Lab04/ReflexCircuit/ReflexCircuit.vhd    ;
; ../ReflexCircuit/ScreenDriverBCD.vhd  ; yes             ; User VHDL File  ; D:/Documenti/Politecnico/Laboratori/Eln Sist Dig/Lab04/ReflexCircuit/ScreenDriverBCD.vhd  ;
; ../ReflexCircuit/SincCounter_nbit.vhd ; yes             ; User VHDL File  ; D:/Documenti/Politecnico/Laboratori/Eln Sist Dig/Lab04/ReflexCircuit/SincCounter_nbit.vhd ;
; ../ReflexCircuit/T_flip_flop.vhd      ; yes             ; User VHDL File  ; D:/Documenti/Politecnico/Laboratori/Eln Sist Dig/Lab04/ReflexCircuit/T_flip_flop.vhd      ;
+---------------------------------------+-----------------+-----------------+-------------------------------------------------------------------------------------------+


+----------------------------------------------------------------------+
; Analysis & Synthesis Resource Usage Summary                          ;
+---------------------------------------------+------------------------+
; Resource                                    ; Usage                  ;
+---------------------------------------------+------------------------+
; Estimated Total logic elements              ; 80                     ;
;                                             ;                        ;
; Total combinational functions               ; 80                     ;
; Logic element usage by number of LUT inputs ;                        ;
;     -- 4 input functions                    ; 38                     ;
;     -- 3 input functions                    ; 9                      ;
;     -- <=2 input functions                  ; 33                     ;
;                                             ;                        ;
; Logic elements by mode                      ;                        ;
;     -- normal mode                          ; 80                     ;
;     -- arithmetic mode                      ; 0                      ;
;                                             ;                        ;
; Total registers                             ; 18                     ;
;     -- Dedicated logic registers            ; 18                     ;
;     -- I/O registers                        ; 0                      ;
;                                             ;                        ;
; I/O pins                                    ; 41                     ;
; Maximum fan-out node                        ; Control:cu|state.RESET ;
; Maximum fan-out                             ; 34                     ;
; Total fan-out                               ; 324                    ;
; Average fan-out                             ; 2.33                   ;
+---------------------------------------------+------------------------+


+----------------------------------------------------------------------------------------------------------------------------------------------------------------------------------------------------------------------------------------------+
; Analysis & Synthesis Resource Utilization by Entity                                                                                                                                                                                          ;
+------------------------------------------+-------------------+--------------+-------------+--------------+---------+-----------+------+--------------+------------------------------------------------------------------------+--------------+
; Compilation Hierarchy Node               ; LC Combinationals ; LC Registers ; Memory Bits ; DSP Elements ; DSP 9x9 ; DSP 18x18 ; Pins ; Virtual Pins ; Full Hierarchy Name                                                    ; Library Name ;
+------------------------------------------+-------------------+--------------+-------------+--------------+---------+-----------+------+--------------+------------------------------------------------------------------------+--------------+
; |ReflexCircuit                           ; 80 (0)            ; 18 (0)       ; 0           ; 0            ; 0       ; 0         ; 41   ; 0            ; |ReflexCircuit                                                         ; work         ;
;    |Control:cu|                          ; 2 (2)             ; 2 (2)        ; 0           ; 0            ; 0       ; 0         ; 0    ; 0            ; |ReflexCircuit|Control:cu                                              ; work         ;
;    |ScreenDriverBCD:screen|              ; 56 (0)            ; 0 (0)        ; 0           ; 0            ; 0       ; 0         ; 0    ; 0            ; |ReflexCircuit|ScreenDriverBCD:screen                                  ; work         ;
;       |decoder_7seg:\gen01:1:dec01|      ; 14 (14)           ; 0 (0)        ; 0           ; 0            ; 0       ; 0         ; 0    ; 0            ; |ReflexCircuit|ScreenDriverBCD:screen|decoder_7seg:\gen01:1:dec01      ; work         ;
;       |decoder_7seg:\gen01:2:dec01|      ; 14 (14)           ; 0 (0)        ; 0           ; 0            ; 0       ; 0         ; 0    ; 0            ; |ReflexCircuit|ScreenDriverBCD:screen|decoder_7seg:\gen01:2:dec01      ; work         ;
;       |decoder_7seg:\gen01:3:dec01|      ; 14 (14)           ; 0 (0)        ; 0           ; 0            ; 0       ; 0         ; 0    ; 0            ; |ReflexCircuit|ScreenDriverBCD:screen|decoder_7seg:\gen01:3:dec01      ; work         ;
;       |decoder_7seg:\gen01:4:dec01|      ; 14 (14)           ; 0 (0)        ; 0           ; 0            ; 0       ; 0         ; 0    ; 0            ; |ReflexCircuit|ScreenDriverBCD:screen|decoder_7seg:\gen01:4:dec01      ; work         ;
;    |SincCounter_nbit:count|              ; 22 (5)            ; 16 (0)       ; 0           ; 0            ; 0       ; 0         ; 0    ; 0            ; |ReflexCircuit|SincCounter_nbit:count                                  ;              ;
;       |T_flip_flop:\gen_add:0:gen01:T0|  ; 1 (1)             ; 1 (1)        ; 0           ; 0            ; 0       ; 0         ; 0    ; 0            ; |ReflexCircuit|SincCounter_nbit:count|T_flip_flop:\gen_add:0:gen01:T0  ;              ;
;       |T_flip_flop:\gen_add:10:gen03:T0| ; 1 (1)             ; 1 (1)        ; 0           ; 0            ; 0       ; 0         ; 0    ; 0            ; |ReflexCircuit|SincCounter_nbit:count|T_flip_flop:\gen_add:10:gen03:T0 ; work         ;
;       |T_flip_flop:\gen_add:11:gen03:T0| ; 1 (1)             ; 1 (1)        ; 0           ; 0            ; 0       ; 0         ; 0    ; 0            ; |ReflexCircuit|SincCounter_nbit:count|T_flip_flop:\gen_add:11:gen03:T0 ; work         ;
;       |T_flip_flop:\gen_add:12:gen03:T0| ; 1 (1)             ; 1 (1)        ; 0           ; 0            ; 0       ; 0         ; 0    ; 0            ; |ReflexCircuit|SincCounter_nbit:count|T_flip_flop:\gen_add:12:gen03:T0 ; work         ;
;       |T_flip_flop:\gen_add:13:gen03:T0| ; 1 (1)             ; 1 (1)        ; 0           ; 0            ; 0       ; 0         ; 0    ; 0            ; |ReflexCircuit|SincCounter_nbit:count|T_flip_flop:\gen_add:13:gen03:T0 ; work         ;
;       |T_flip_flop:\gen_add:14:gen03:T0| ; 1 (1)             ; 1 (1)        ; 0           ; 0            ; 0       ; 0         ; 0    ; 0            ; |ReflexCircuit|SincCounter_nbit:count|T_flip_flop:\gen_add:14:gen03:T0 ; work         ;
;       |T_flip_flop:\gen_add:15:gen03:T0| ; 2 (2)             ; 1 (1)        ; 0           ; 0            ; 0       ; 0         ; 0    ; 0            ; |ReflexCircuit|SincCounter_nbit:count|T_flip_flop:\gen_add:15:gen03:T0 ; work         ;
;       |T_flip_flop:\gen_add:1:gen02:T0|  ; 1 (1)             ; 1 (1)        ; 0           ; 0            ; 0       ; 0         ; 0    ; 0            ; |ReflexCircuit|SincCounter_nbit:count|T_flip_flop:\gen_add:1:gen02:T0  ; work         ;
;       |T_flip_flop:\gen_add:2:gen03:T0|  ; 1 (1)             ; 1 (1)        ; 0           ; 0            ; 0       ; 0         ; 0    ; 0            ; |ReflexCircuit|SincCounter_nbit:count|T_flip_flop:\gen_add:2:gen03:T0  ; work         ;
;       |T_flip_flop:\gen_add:3:gen03:T0|  ; 1 (1)             ; 1 (1)        ; 0           ; 0            ; 0       ; 0         ; 0    ; 0            ; |ReflexCircuit|SincCounter_nbit:count|T_flip_flop:\gen_add:3:gen03:T0  ; work         ;
;       |T_flip_flop:\gen_add:4:gen03:T0|  ; 1 (1)             ; 1 (1)        ; 0           ; 0            ; 0       ; 0         ; 0    ; 0            ; |ReflexCircuit|SincCounter_nbit:count|T_flip_flop:\gen_add:4:gen03:T0  ; work         ;
;       |T_flip_flop:\gen_add:5:gen03:T0|  ; 1 (1)             ; 1 (1)        ; 0           ; 0            ; 0       ; 0         ; 0    ; 0            ; |ReflexCircuit|SincCounter_nbit:count|T_flip_flop:\gen_add:5:gen03:T0  ; work         ;
;       |T_flip_flop:\gen_add:6:gen03:T0|  ; 1 (1)             ; 1 (1)        ; 0           ; 0            ; 0       ; 0         ; 0    ; 0            ; |ReflexCircuit|SincCounter_nbit:count|T_flip_flop:\gen_add:6:gen03:T0  ; work         ;
;       |T_flip_flop:\gen_add:7:gen03:T0|  ; 1 (1)             ; 1 (1)        ; 0           ; 0            ; 0       ; 0         ; 0    ; 0            ; |ReflexCircuit|SincCounter_nbit:count|T_flip_flop:\gen_add:7:gen03:T0  ; work         ;
;       |T_flip_flop:\gen_add:8:gen03:T0|  ; 1 (1)             ; 1 (1)        ; 0           ; 0            ; 0       ; 0         ; 0    ; 0            ; |ReflexCircuit|SincCounter_nbit:count|T_flip_flop:\gen_add:8:gen03:T0  ; work         ;
;       |T_flip_flop:\gen_add:9:gen03:T0|  ; 1 (1)             ; 1 (1)        ; 0           ; 0            ; 0       ; 0         ; 0    ; 0            ; |ReflexCircuit|SincCounter_nbit:count|T_flip_flop:\gen_add:9:gen03:T0  ; work         ;
+------------------------------------------+-------------------+--------------+-------------+--------------+---------+-----------+------+--------------+------------------------------------------------------------------------+--------------+
Note: For table entries with two numbers listed, the numbers in parentheses indicate the number of resources of the given type used by the specific entity alone. The numbers listed outside of parentheses indicate the total resources of the given type used by the specific entity and all of its sub-entities in the hierarchy.


Encoding Type:  One-Hot
+------------------------------------------------------------------------------------------------------------+
; State Machine - |ReflexCircuit|Control:cu|state                                                            ;
+---------------+--------------+---------------+---------------+---------------+---------------+-------------+
; Name          ; state.RESULT ; state.COUNT02 ; state.START02 ; state.COUNT01 ; state.START01 ; state.RESET ;
+---------------+--------------+---------------+---------------+---------------+---------------+-------------+
; state.RESET   ; 0            ; 0             ; 0             ; 0             ; 0             ; 0           ;
; state.START01 ; 0            ; 0             ; 0             ; 0             ; 1             ; 1           ;
; state.COUNT01 ; 0            ; 0             ; 0             ; 1             ; 0             ; 1           ;
; state.START02 ; 0            ; 0             ; 1             ; 0             ; 0             ; 1           ;
; state.COUNT02 ; 0            ; 1             ; 0             ; 0             ; 0             ; 1           ;
; state.RESULT  ; 1            ; 0             ; 0             ; 0             ; 0             ; 1           ;
+---------------+--------------+---------------+---------------+---------------+---------------+-------------+


+--------------------------------------------------------------------------------+
; Registers Removed During Synthesis                                             ;
+---------------------------------------+----------------------------------------+
; Register name                         ; Reason for Removal                     ;
+---------------------------------------+----------------------------------------+
; Control:cu|state.COUNT01              ; Lost fanout                            ;
; Control:cu|state.START02              ; Stuck at GND due to stuck port data_in ;
; Control:cu|state.COUNT02              ; Stuck at GND due to stuck port data_in ;
; Control:cu|state.RESULT               ; Stuck at GND due to stuck port data_in ;
; Total Number of Removed Registers = 4 ;                                        ;
+---------------------------------------+----------------------------------------+


+-----------------------------------------------------------------------------------------------+
; Removed Registers Triggering Further Register Optimizations                                   ;
+--------------------------+---------------------------+----------------------------------------+
; Register name            ; Reason for Removal        ; Registers Removed due to This Register ;
+--------------------------+---------------------------+----------------------------------------+
; Control:cu|state.START02 ; Stuck at GND              ; Control:cu|state.COUNT02               ;
;                          ; due to stuck port data_in ;                                        ;
+--------------------------+---------------------------+----------------------------------------+


+------------------------------------------------------+
; General Register Statistics                          ;
+----------------------------------------------+-------+
; Statistic                                    ; Value ;
+----------------------------------------------+-------+
; Total registers                              ; 18    ;
; Number of registers using Synchronous Clear  ; 15    ;
; Number of registers using Synchronous Load   ; 0     ;
; Number of registers using Asynchronous Clear ; 0     ;
; Number of registers using Asynchronous Load  ; 0     ;
; Number of registers using Clock Enable       ; 0     ;
; Number of registers using Preset             ; 0     ;
+----------------------------------------------+-------+


+---------------------------------------------------------------------+
; Parameter Settings for User Entity Instance: SincCounter_nbit:count ;
+----------------+-------+--------------------------------------------+
; Parameter Name ; Value ; Type                                       ;
+----------------+-------+--------------------------------------------+
; nbit           ; 16    ; Signed Integer                             ;
+----------------+-------+--------------------------------------------+
Note: In order to hide this table in the UI and the text report file, please set the "Show Parameter Settings Tables in Synthesis Report" option in "Analysis and Synthesis Settings -> More Settings" to "Off".


+-----------------------------------------+
; Port Connectivity Checks: "Control:cu"  ;
+-------+-------+----------+--------------+
; Port  ; Type  ; Severity ; Details      ;
+-------+-------+----------+--------------+
; start ; Input ; Info     ; Stuck at GND ;
+-------+-------+----------+--------------+


+-------------------------------+
; Analysis & Synthesis Messages ;
+-------------------------------+
Info: *******************************************************************
Info: Running Quartus II Analysis & Synthesis
    Info: Version 9.1 Build 350 03/24/2010 Service Pack 2 SJ Web Edition
    Info: Processing started: Wed Apr 13 02:13:58 2016
Info: Command: quartus_map --read_settings_files=on --write_settings_files=off ReflexCircuit -c ReflexCircuit
Info: Found 2 design units, including 1 entities, in source file /documenti/politecnico/laboratori/eln sist dig/lab04/reflexcircuit/control.vhd
    Info: Found design unit 1: Control-behavioral
    Info: Found entity 1: Control
Info: Found 2 design units, including 1 entities, in source file /documenti/politecnico/laboratori/eln sist dig/lab04/reflexcircuit/decoder_7seg.vhd
    Info: Found design unit 1: decoder_7seg-behavioral
    Info: Found entity 1: decoder_7seg
Info: Found 2 design units, including 1 entities, in source file /documenti/politecnico/laboratori/eln sist dig/lab04/reflexcircuit/reflexcircuit.vhd
    Info: Found design unit 1: ReflexCircuit-behavioral
    Info: Found entity 1: ReflexCircuit
Info: Found 2 design units, including 1 entities, in source file /documenti/politecnico/laboratori/eln sist dig/lab04/reflexcircuit/screendriverbcd.vhd
    Info: Found design unit 1: ScreenDriverBCD-behavioral
    Info: Found entity 1: ScreenDriverBCD
Info: Found 2 design units, including 1 entities, in source file /documenti/politecnico/laboratori/eln sist dig/lab04/reflexcircuit/sinccounter_nbit.vhd
    Info: Found design unit 1: SincCounter_nbit-behavioral
    Info: Found entity 1: SincCounter_nbit
Info: Found 2 design units, including 1 entities, in source file /documenti/politecnico/laboratori/eln sist dig/lab04/reflexcircuit/sinccounterbcd_nbit.vhd
    Info: Found design unit 1: SincCounterBCD_nbit-behavioral
    Info: Found entity 1: SincCounterBCD_nbit
Info: Found 2 design units, including 1 entities, in source file /documenti/politecnico/laboratori/eln sist dig/lab04/reflexcircuit/t_flip_flop.vhd
    Info: Found design unit 1: T_flip_flop-behavioral
    Info: Found entity 1: T_flip_flop
Info: Found 2 design units, including 1 entities, in source file coder_7seg.vhd
    Info: Found design unit 1: coder_7seg-behavior
    Info: Found entity 1: coder_7seg
Info: Found 2 design units, including 1 entities, in source file tester.vhd
    Info: Found design unit 1: tester-behavioral
    Info: Found entity 1: tester
Info: Found 2 design units, including 1 entities, in source file testbench.vhd
    Info: Found design unit 1: testbench-test
    Info: Found entity 1: testbench
Info: Elaborating entity "ReflexCircuit" for the top level hierarchy
Info: Elaborating entity "SincCounter_nbit" for hierarchy "SincCounter_nbit:count"
Info: Elaborating entity "T_flip_flop" for hierarchy "SincCounter_nbit:count|T_flip_flop:\gen_add:0:gen01:T0"
Info: Elaborating entity "ScreenDriverBCD" for hierarchy "ScreenDriverBCD:screen"
Info: Elaborating entity "decoder_7seg" for hierarchy "ScreenDriverBCD:screen|decoder_7seg:\gen01:1:dec01"
Info: Elaborating entity "Control" for hierarchy "Control:cu"
Warning (10492): VHDL Process Statement warning at Control.vhd(39): signal "resetn_ff" is read inside the Process Statement but isn't in the Process Statement's sensitivity list
Warning: Output pins are stuck at VCC or GND
    Warning (13410): Pin "ledr[0]" is stuck at GND
    Warning (13410): Pin "ledr[1]" is stuck at GND
Info: 1 registers lost all their fanouts during netlist optimizations. The first 1 are displayed below.
    Info: Register "Control:cu|state.COUNT01" lost all its fanouts during netlist optimizations.
Warning: Design contains 9 input pin(s) that do not drive logic
    Warning (15610): No output dependent on input pin "sw[0]"
    Warning (15610): No output dependent on input pin "sw[1]"
    Warning (15610): No output dependent on input pin "sw[2]"
    Warning (15610): No output dependent on input pin "sw[3]"
    Warning (15610): No output dependent on input pin "sw[4]"
    Warning (15610): No output dependent on input pin "sw[5]"
    Warning (15610): No output dependent on input pin "sw[6]"
    Warning (15610): No output dependent on input pin "sw[7]"
    Warning (15610): No output dependent on input pin "key[1]"
Info: Implemented 121 device resources after synthesis - the final resource count might be different
    Info: Implemented 11 input pins
    Info: Implemented 30 output pins
    Info: Implemented 80 logic cells
Info: Quartus II Analysis & Synthesis was successful. 0 errors, 14 warnings
    Info: Peak virtual memory: 263 megabytes
    Info: Processing ended: Wed Apr 13 02:14:00 2016
    Info: Elapsed time: 00:00:02
    Info: Total CPU time (on all processors): 00:00:02


